No sequences retrieved for RXN-12865
No sequences retrieved for RXN-12867
BLAST hits found for RXN-12721
BLAST hits found for LCARNCOALIG-RXN
BLAST hits found for RXN0-3601
BLAST hits found for CROBETREDUCT-RXN
BLAST hits found for GLUTRNAREDUCT-RXN
No sequences retrieved for THIOREDOXIN-RXN
BLAST hits found for TRANS-RXN-323
BLAST hits found for RXN-12623
BLAST hits found for 3.2.1.14-RXN
BLAST hits found for RXN-9550
No sequences retrieved for RXN-7605
BLAST hits found for CARBAMATE-KINASE-RXN
BLAST hits found for RXN-7968
BLAST hits found for RXN-18427
BLAST hits found for R101-RXN
BLAST hits found for RXN-18396
BLAST hits found for NAD-SYNTH-GLN-RXN
BLAST hits found for RXN-16457
BLAST hits found for METHYLGLUTACONYL-COA-HYDRATASE-RXN
BLAST hits found for 2KETO-4METHYL-PENTANOATE-DEHYDROG-RXN
BLAST hits found for RXN-9548
BLAST hits found for 2-METHYLACYL-COA-DEHYDROGENASE-RXN
BLAST hits found for 2KETO-3METHYLVALERATE-RXN
BLAST hits found for 1.1.1.178-RXN
BLAST hits found for RXN-8770
BLAST hits found for TRANS-RXN0-239
BLAST hits found for RXN-11236
BLAST hits found for 3.6.3.16-RXN
BLAST hits found for RXN-9869
BLAST hits found for MALEYLACETATE-REDUCTASE-RXN
BLAST hits found for RXN-9892
BLAST hits found for RXN-9870
No sequences retrieved for RXN-9913
BLAST hits found for RXN-14970
BLAST hits found for RXN-16483
No BLAST hits found for RXN-16484
No sequences retrieved for DISULFOGLUCOSAMINE-6-SULFATASE-RXN
BLAST hits found for N-SULFOGLUCOSAMINE-SULFOHYDROLASE-RXN
No sequences retrieved for RXN-5881
No sequences retrieved for RXN-5882
BLAST hits found for GLUCONOKIN-RXN
BLAST hits found for RXN0-4022
BLAST hits found for SUCCINYLDIAMINOPIMTRANS-RXN
BLAST hits found for URA-PHOSPH-RXN
BLAST hits found for RXN0-6427
BLAST hits found for GDPPYPHOSKIN-RXN
BLAST hits found for GTPPYPHOSKIN-RXN
BLAST hits found for PPPGPPHYDRO-RXN
No BLAST hits found for 3.1.2.21-RXN
BLAST hits found for RXN-9549
BLAST hits found for DEOXYCYTIDINE-KINASE-RXN
BLAST hits found for 4.2.1.99-RXN
BLAST hits found for METHYLISOCITRATE-LYASE-RXN
BLAST hits found for 2-METHYLCITRATE-SYNTHASE-RXN
BLAST hits found for KYNURENINE-3-MONOOXYGENASE-RXN
BLAST hits found for RXN-12572
BLAST hits found for RXN-12573
BLAST hits found for ERYTHRON4PDEHYDROG-RXN
BLAST hits found for ERYTH4PDEHYDROG-RXN
No sequences retrieved for RXN-14376
BLAST hits found for 6-OXOHEXANOATE-OXIDATION-RXN
No sequences retrieved for R562-RXN
BLAST hits found for RUBREDOXIN--NAD+-REDUCTASE-RXN
BLAST hits found for R222-RXN
BLAST hits found for R221-RXN
BLAST hits found for ARYLFORMAMIDASE-RXN
BLAST hits found for HOMOSERINE-O-ACETYLTRANSFERASE-RXN
BLAST hits found for 4.2.1.93-RXN
BLAST hits found for RXN66-569
BLAST hits found for RXN-7909
BLAST hits found for R123-RXN
BLAST hits found for 3.8.1.8-RXN
BLAST hits found for KDOTRANS2-RXN
BLAST hits found for RXN-11667
BLAST hits found for LIPIDXSYNTHESIS-RXN
BLAST hits found for KDO-8PPHOSPHAT-RXN
BLAST hits found for PSEUDOURIDINE-KINASE-RXN
BLAST hits found for MYRISTOYLACYLTRAN-RXN
No sequences retrieved for HYDROXYLAMINE-REDUCTASE-NADH-RXN
No sequences retrieved for RXN-17880
BLAST hits found for RXN-17340
BLAST hits found for RXN-17339
BLAST hits found for DAHPSYN-RXN
BLAST hits found for BETA-UREIDOPROPIONASE-RXN
BLAST hits found for 1.3.1.2-RXN
BLAST hits found for RXN-11210
BLAST hits found for RXN-11209
BLAST hits found for RXN-11511
BLAST hits found for RXN-11543
BLAST hits found for RXN-14391
BLAST hits found for RXN-14390
BLAST hits found for RXN-14389
BLAST hits found for RXN-14388
BLAST hits found for RXN-14387
BLAST hits found for RXN-14381
BLAST hits found for GLUCOSAMINE-6-P-DEAMIN-RXN
BLAST hits found for DHBDEHYD-RXN
BLAST hits found for ISOCHORSYN-RXN
BLAST hits found for FHLMULTI-RXN
BLAST hits found for DLACTDEHYDROGNAD-RXN
BLAST hits found for ACETALD-DEHYDROG-RXN
BLAST hits found for PYRUVFORMLY-RXN
BLAST hits found for RXN-17648
BLAST hits found for RXN-17645
BLAST hits found for RXN-17650
BLAST hits found for RXN-17647
BLAST hits found for RXN-17646
BLAST hits found for RXN-12848
BLAST hits found for RXN-12849
BLAST hits found for RXN-12850
BLAST hits found for RXN-12745
BLAST hits found for RXN-12744
BLAST hits found for RXN-12743
BLAST hits found for RXN-12710
No sequences retrieved for RXN-12709
No sequences retrieved for RXN-12708
BLAST hits found for RXN-12707
BLAST hits found for RXN-12704
BLAST hits found for RXN-12703
BLAST hits found for RXN-12694
BLAST hits found for MUCONOLACTONE-DELTA-ISOMERASE-RXN
BLAST hits found for CATECHOL-12-DIOXYGENASE-RXN
BLAST hits found for RXN-12473
BLAST hits found for RXN-11361
BLAST hits found for RXN-8344
BLAST hits found for RXN-8342
No BLAST hits found for RXN-11319
BLAST hits found for RXN-9789
BLAST hits found for RXN-9788
BLAST hits found for RXNMETA-12672
BLAST hits found for RXNMETA-12671
BLAST hits found for RXN0-6512
No sequences retrieved for RXN-16691
No sequences retrieved for RXN-16687
No sequences retrieved for RXN-16690
No sequences retrieved for RXN-16689
No sequences retrieved for RXN-16688
No sequences retrieved for RXN-16685
BLAST hits found for RXN-16665
BLAST hits found for RXN-16664
BLAST hits found for ALLANTOATE-DEIMINASE-RXN
BLAST hits found for ALLANTOINASE-RXN
BLAST hits found for ENOYL-COA-DELTA-ISOM-RXN
BLAST hits found for OHBUTYRYL-COA-EPIM-RXN
BLAST hits found for KETOACYLCOATHIOL-RXN
No sequences retrieved for RXN-10448
BLAST hits found for 2.6.1.22-RXN
BLAST hits found for 1.2.1.25-RXN
BLAST hits found for 3-HYDROXYISOBUTYRYL-COA-HYDROLASE-RXN
BLAST hits found for MEPROPCOA-FAD-RXN
No sequences retrieved for RXN-12751
No sequences retrieved for RXN-12749
BLAST hits found for RXN-12748
BLAST hits found for RXN-12736
BLAST hits found for RXN-12734
BLAST hits found for RXN-12735
BLAST hits found for RXN-12718
BLAST hits found for 1.13.11.25-RXN
BLAST hits found for RXN-12717
BLAST hits found for RXN-12714
BLAST hits found for RXN-12691
BLAST hits found for RXN0-6732
BLAST hits found for THYMIDYLATESYN-RXN
BLAST hits found for FORMYLTHFDEFORMYL-RXN
BLAST hits found for GCVMULTI-RXN
BLAST hits found for RXN-5061
BLAST hits found for 1.5.1.15-RXN
No sequences retrieved for 2.1.1.19-RXN
BLAST hits found for RXN-16948
No sequences retrieved for RXN-16955
BLAST hits found for RXN-16953
No sequences retrieved for RXN-16951
BLAST hits found for R-2-METHYLMALATE-DEHYDRATASE-RXN
BLAST hits found for RXN-16946
No sequences retrieved for RXN-16956
BLAST hits found for RXN-16954
No sequences retrieved for RXN-16952
BLAST hits found for RXN-3641
BLAST hits found for RXN-17959
BLAST hits found for RXN-17957
BLAST hits found for RXN-9386
BLAST hits found for RIBOPHOSPHAT-RXN
BLAST hits found for RXN490-3616
BLAST hits found for MYO-INOSITOL-1-PHOSPHATE-SYNTHASE-RXN
BLAST hits found for RXN0-1401
BLAST hits found for RXN0-6710
BLAST hits found for RXN-17954
BLAST hits found for RXN0-7014
BLAST hits found for RXN66-3
BLAST hits found for RXN0-6485
BLAST hits found for RXN0-4222
BLAST hits found for RXN0-6479
BLAST hits found for RXN0-6478
BLAST hits found for PEPSYNTH-RXN
BLAST hits found for 6PFRUCTPHOS-RXN
BLAST hits found for GAPOXNPHOSPHN-RXN
BLAST hits found for 4.2.1.41-RXN
BLAST hits found for DIHYDROFOLATEREDUCT-RXN
BLAST hits found for H2PTEROATESYNTH-RXN
BLAST hits found for RXNQT-4191
BLAST hits found for THIAZOLSYN3-RXN
BLAST hits found for RXN0-3201
BLAST hits found for RXN-17363
BLAST hits found for THI-P-KIN-RXN
BLAST hits found for DLACTDEHYDROGFAD-RXN
BLAST hits found for SARCOX-RXN
BLAST hits found for SARCOSINE-DEHYDROGENASE-RXN
BLAST hits found for CREATININASE-RXN
BLAST hits found for RXN0-268
BLAST hits found for R601-RXN
BLAST hits found for RXN-12612
BLAST hits found for 3-HYDROXBUTYRYL-COA-DEHYDRATASE-RXN
BLAST hits found for RXN-8960
BLAST hits found for RXN-8959
BLAST hits found for RXN-8958
BLAST hits found for 3-OCTAPRENYL-4-OHBENZOATE-DECARBOX-RXN
BLAST hits found for 2-OCTAPRENYLPHENOL-HYDROX-RXN
BLAST hits found for OCTAPRENYL-METHYL-METHOXY-BENZOQ-OH-RXN
No BLAST hits found for RXN-9190
BLAST hits found for RXN0-2361
BLAST hits found for RXN0-5227
BLAST hits found for RXN0-5225
BLAST hits found for PROTOPORGENOXI-RXN
